<?xml version="1.0" encoding="UTF-8"?>
<testsuites name="Mocha Tests" time="1.559" tests="2" failures="1">
  <testsuite name="Root Suite" timestamp="2019-11-27T16:20:09" tests="0" failures="0" time="0">
  </testsuite>
  <testsuite name="Pizza 2 test" timestamp="2019-11-27T16:20:09" tests="2" failures="1" time="1.559">
    <testcase name="Pizza 2 test Detail information form field" time="1.559" classname="Detail information form field">
    </testcase>
    <testcase name="Pizza 2 test Detail information form field" time="0" classname="Detail information form field">
      <failure message="Timed out retrying: Expected to find element: &apos;[data-cy=&quot;name&quot;]&apos;, but never found it." type="CypressError"><![CDATA[CypressError: Timed out retrying: Expected to find element: '[data-cy="name"]', but never found it.
    at Object.cypressErr (http://localhost:9487/__cypress/runner/cypress_runner.js:104968:11)
    at Object.throwErr (http://localhost:9487/__cypress/runner/cypress_runner.js:104923:18)
    at Object.throwErrByPath (http://localhost:9487/__cypress/runner/cypress_runner.js:104955:17)
    at retry (http://localhost:9487/__cypress/runner/cypress_runner.js:96290:16)
    at onFailFn (http://localhost:9487/__cypress/runner/cypress_runner.js:85359:16)
    at tryCatcher (http://localhost:9487/__cypress/runner/cypress_runner.js:139057:23)
    at Promise._settlePromiseFromHandler (http://localhost:9487/__cypress/runner/cypress_runner.js:136993:31)
    at Promise._settlePromise (http://localhost:9487/__cypress/runner/cypress_runner.js:137050:18)
    at Promise._settlePromise0 (http://localhost:9487/__cypress/runner/cypress_runner.js:137095:10)
    at Promise._settlePromises (http://localhost:9487/__cypress/runner/cypress_runner.js:137170:18)
    at Async../node_modules/bluebird/js/release/async.js.Async._drainQueue (http://localhost:9487/__cypress/runner/cypress_runner.js:133782:16)
    at Async../node_modules/bluebird/js/release/async.js.Async._drainQueues (http://localhost:9487/__cypress/runner/cypress_runner.js:133792:10)
    at Async.drainQueues (http://localhost:9487/__cypress/runner/cypress_runner.js:133666:14)]]></failure>
    </testcase>
  </testsuite>
</testsuites>